[2025-03-21, 19:39:21.282003] place: INFO : Release 1.0 - Place
Copyright (c) 2006-2009 FPGA-SoftwareGP.MEKeylab.FDU   All rights reserved.
[2025-03-21, 19:39:21.282003] place: INFO : Progress    0%: parsing commands ...
[2025-03-21, 19:39:21.282003] place: INFO : Progress   10%: loading arch library "\\?\C:\Users\wjw_0\AppData\Local\UFDE+\resource\hw_lib\fdp3p7_arch.xml" ...
[2025-03-21, 19:39:21.364472] place: INFO : Progress   20%: loading netlist "fde_i2c_lab0_dc_pack.xml" ...
[2025-03-21, 19:39:21.364972] place: INFO : Progress   30%: loading constraint "C:\Users\wjw_0\Desktop\fde_i2c_lab0\lab0_cons.xml" ...
[2025-03-21, 19:39:21.364972] place: INFO : Effort Level  : 10
[2025-03-21, 19:39:21.364972] place: INFO : Mode          : Timing Driven
[2025-03-21, 19:39:21.365975] place: INFO : Progress   40%: loading delay library "\\?\C:\Users\wjw_0\AppData\Local\UFDE+\resource\hw_lib\fdp3p7_dly.xml" ...
[2025-03-21, 19:39:21.373723] place: INFO : Design        : "lab0", resource statistic:
[2025-03-21, 19:39:21.373723] place: INFO :   * Amount of GCLK: 1
[2025-03-21, 19:39:21.373723] place: INFO :   * Amount of GCLKIOB: 1
[2025-03-21, 19:39:21.373723] place: INFO :   * Amount of IOB: 5
[2025-03-21, 19:39:21.373723] place: INFO :   * Amount of SLICE: 2
[2025-03-21, 19:39:21.373723] place: INFO :   * Amount of Net: 14
[2025-03-21, 19:39:21.373723] place: INFO : Device        : "fdp3000k", resource usage:
[2025-03-21, 19:39:21.373723] place: INFO :   * Proportion of GCLK: 25.00%
[2025-03-21, 19:39:21.373723] place: INFO :   * Proportion of GCLKIOB: 25.00%
[2025-03-21, 19:39:21.373723] place: INFO :   * Proportion of IOB: 3.52%
[2025-03-21, 19:39:21.373723] place: INFO :   * Proportion of SLICE(LUT7471205): 0.07%
[2025-03-21, 19:39:21.374725] place: INFO : Progress   50%: build FPGA architecture ...
[2025-03-21, 19:39:21.398800] place: INFO : Progress   60%: begin to initially place ...
[2025-03-21, 19:39:21.398800] place: INFO :   * Initial cost = 1
[2025-03-21, 19:39:21.398800] place: INFO : Progress   70%: begin to perform place iteration ...
[2025-03-21, 19:39:21.398800] place: INFO : Progress   80%: begin to perform final place iteration ...
[2025-03-21, 19:39:21.398800] place: INFO :   * Final cost = 1
[2025-03-21, 19:39:21.398800] place: INFO : Progress   90%: begin to write placed netlist ...
[2025-03-21, 19:39:21.400305] place: INFO : Successfully finish the placement. Elapsed Time: 0s
[2025-03-22, 00:45:28.923311] place: INFO : Release 1.0 - Place
Copyright (c) 2006-2009 FPGA-SoftwareGP.MEKeylab.FDU   All rights reserved.
[2025-03-22, 00:45:28.924799] place: INFO : Progress    0%: parsing commands ...
[2025-03-22, 00:45:28.924799] place: INFO : Progress   10%: loading arch library "\\?\C:\Users\wjw_0\AppData\Local\UFDE+\resource\hw_lib\fdp3p7_arch.xml" ...
[2025-03-22, 00:45:29.034732] place: INFO : Progress   20%: loading netlist "fde_i2c_lab0_dc_pack.xml" ...
[2025-03-22, 00:45:29.035734] place: INFO : Progress   30%: loading constraint "E:\FDU\FPGA Course\I2C Project\fde_i2c_lab0\lab0_cons.xml" ...
[2025-03-22, 00:45:29.035734] place: ERROR: E:\Project\FDE-Source\common\io\xml\loadxml.cpp(225): parse failed. constraint: clk not found
[2025-03-22, 00:45:29.036239] place: ERROR: [FILE_ERROR] can NOT load constraint.
[2025-03-22, 00:47:06.895464] place: INFO : Release 1.0 - Place
Copyright (c) 2006-2009 FPGA-SoftwareGP.MEKeylab.FDU   All rights reserved.
[2025-03-22, 00:47:06.895968] place: INFO : Progress    0%: parsing commands ...
[2025-03-22, 00:47:06.895968] place: INFO : Progress   10%: loading arch library "\\?\C:\Users\wjw_0\AppData\Local\UFDE+\resource\hw_lib\fdp3p7_arch.xml" ...
[2025-03-22, 00:47:06.985263] place: INFO : Progress   20%: loading netlist "fde_i2c_lab0_dc_pack.xml" ...
[2025-03-22, 00:47:06.985263] place: INFO : Progress   30%: loading constraint "E:\FDU\FPGA Course\I2C Project\fde_i2c_lab0\lab0_cons.xml" ...
[2025-03-22, 00:47:06.985765] place: INFO : Effort Level  : 10
[2025-03-22, 00:47:06.985765] place: INFO : Mode          : Timing Driven
[2025-03-22, 00:47:06.985765] place: INFO : Progress   40%: loading delay library "\\?\C:\Users\wjw_0\AppData\Local\UFDE+\resource\hw_lib\fdp3p7_dly.xml" ...
[2025-03-22, 00:47:06.998597] place: INFO : Design        : "lab0", resource statistic:
[2025-03-22, 00:47:06.998597] place: INFO :   * Amount of IOB: 5
[2025-03-22, 00:47:06.998597] place: INFO :   * Amount of SLICE: 1
[2025-03-22, 00:47:06.998597] place: INFO :   * Amount of Net: 10
[2025-03-22, 00:47:06.998597] place: INFO : Device        : "fdp3000k", resource usage:
[2025-03-22, 00:47:06.998597] place: INFO :   * Proportion of IOB: 3.52%
[2025-03-22, 00:47:06.998597] place: INFO :   * Proportion of SLICE(LUT0): 0.03%
[2025-03-22, 00:47:07.005116] place: INFO : Progress   50%: build FPGA architecture ...
[2025-03-22, 00:47:07.028698] place: INFO : Progress   60%: begin to initially place ...
[2025-03-22, 00:47:07.029700] place: INFO :   * Initial cost = 1
[2025-03-22, 00:47:07.029700] place: INFO : Progress   70%: begin to perform place iteration ...
[2025-03-22, 00:47:07.029700] place: INFO : Progress   80%: begin to perform final place iteration ...
[2025-03-22, 00:47:07.030205] place: INFO :   * Final cost = 1
[2025-03-22, 00:47:07.030205] place: INFO : Progress   90%: begin to write placed netlist ...
[2025-03-22, 00:47:07.037216] place: INFO : Successfully finish the placement. Elapsed Time: 1s
[2025-03-22, 00:55:02.739348] place: INFO : Release 1.0 - Place
Copyright (c) 2006-2009 FPGA-SoftwareGP.MEKeylab.FDU   All rights reserved.
[2025-03-22, 00:55:02.739850] place: INFO : Progress    0%: parsing commands ...
[2025-03-22, 00:55:02.739850] place: INFO : Progress   10%: loading arch library "\\?\C:\Users\wjw_0\AppData\Local\UFDE+\resource\hw_lib\fdp3p7_arch.xml" ...
[2025-03-22, 00:55:02.825957] place: INFO : Progress   20%: loading netlist "fde_i2c_lab0_dc_pack.xml" ...
[2025-03-22, 00:55:02.825957] place: INFO : Progress   30%: loading constraint "E:\FDU\FPGA Course\I2C Project\fde_i2c_lab0\lab0_cons.xml" ...
[2025-03-22, 00:55:02.826458] place: INFO : Effort Level  : 10
[2025-03-22, 00:55:02.826458] place: INFO : Mode          : Timing Driven
[2025-03-22, 00:55:02.826458] place: INFO : Progress   40%: loading delay library "\\?\C:\Users\wjw_0\AppData\Local\UFDE+\resource\hw_lib\fdp3p7_dly.xml" ...
[2025-03-22, 00:55:02.833983] place: INFO : Design        : "lab0", resource statistic:
[2025-03-22, 00:55:02.833983] place: INFO :   * Amount of GCLK: 1
[2025-03-22, 00:55:02.833983] place: INFO :   * Amount of GCLKIOB: 1
[2025-03-22, 00:55:02.833983] place: INFO :   * Amount of IOB: 5
[2025-03-22, 00:55:02.833983] place: INFO :   * Amount of SLICE: 2
[2025-03-22, 00:55:02.833983] place: INFO :   * Amount of Net: 14
[2025-03-22, 00:55:02.833983] place: INFO : Device        : "fdp3000k", resource usage:
[2025-03-22, 00:55:02.833983] place: INFO :   * Proportion of GCLK: 25.00%
[2025-03-22, 00:55:02.833983] place: INFO :   * Proportion of GCLKIOB: 25.00%
[2025-03-22, 00:55:02.833983] place: INFO :   * Proportion of IOB: 3.52%
[2025-03-22, 00:55:02.833983] place: INFO :   * Proportion of SLICE(LUT0): 0.07%
[2025-03-22, 00:55:02.835486] place: INFO : Progress   50%: build FPGA architecture ...
[2025-03-22, 00:55:02.860553] place: INFO : Progress   60%: begin to initially place ...
[2025-03-22, 00:55:02.860553] place: INFO :   * Initial cost = 1
[2025-03-22, 00:55:02.860553] place: INFO : Progress   70%: begin to perform place iteration ...
[2025-03-22, 00:55:02.860553] place: INFO : Progress   80%: begin to perform final place iteration ...
[2025-03-22, 00:55:02.861556] place: INFO :   * Final cost = 1
[2025-03-22, 00:55:02.861556] place: INFO : Progress   90%: begin to write placed netlist ...
[2025-03-22, 00:55:02.868306] place: INFO : Successfully finish the placement. Elapsed Time: 0s
[2025-03-22, 19:17:38.198724] place: INFO : Release 1.0 - Place
Copyright (c) 2006-2009 FPGA-SoftwareGP.MEKeylab.FDU   All rights reserved.
[2025-03-22, 19:17:38.198724] place: INFO : Progress    0%: parsing commands ...
[2025-03-22, 19:17:38.198724] place: INFO : Progress   10%: loading arch library "\\?\C:\Users\wjw_0\AppData\Local\UFDE+\resource\hw_lib\fdp3p7_arch.xml" ...
[2025-03-22, 19:17:38.279091] place: INFO : Progress   20%: loading netlist "fde_i2c_lab0_dc_pack.xml" ...
[2025-03-22, 19:17:38.279591] place: INFO : Progress   30%: loading constraint "E:\FDU\FPGA Course\I2C Project\fde_i2c_lab0\lab0_cons.xml" ...
[2025-03-22, 19:17:38.279591] place: INFO : Effort Level  : 10
[2025-03-22, 19:17:38.279591] place: INFO : Mode          : Timing Driven
[2025-03-22, 19:17:38.279591] place: INFO : Progress   40%: loading delay library "\\?\C:\Users\wjw_0\AppData\Local\UFDE+\resource\hw_lib\fdp3p7_dly.xml" ...
[2025-03-22, 19:17:38.287609] place: INFO : Design        : "lab0", resource statistic:
[2025-03-22, 19:17:38.287609] place: INFO :   * Amount of GCLK: 1
[2025-03-22, 19:17:38.287609] place: INFO :   * Amount of GCLKIOB: 1
[2025-03-22, 19:17:38.287609] place: INFO :   * Amount of IOB: 5
[2025-03-22, 19:17:38.287609] place: INFO :   * Amount of SLICE: 2
[2025-03-22, 19:17:38.287609] place: INFO :   * Amount of Net: 14
[2025-03-22, 19:17:38.287609] place: INFO : Device        : "fdp3000k", resource usage:
[2025-03-22, 19:17:38.287609] place: INFO :   * Proportion of GCLK: 25.00%
[2025-03-22, 19:17:38.287609] place: INFO :   * Proportion of GCLKIOB: 25.00%
[2025-03-22, 19:17:38.287609] place: INFO :   * Proportion of IOB: 3.52%
[2025-03-22, 19:17:38.287609] place: INFO :   * Proportion of SLICE(LUT170812517): 0.07%
[2025-03-22, 19:17:38.294641] place: INFO : Progress   50%: build FPGA architecture ...
[2025-03-22, 19:17:38.315748] place: INFO : Progress   60%: begin to initially place ...
[2025-03-22, 19:17:38.315748] place: INFO :   * Initial cost = 1
[2025-03-22, 19:17:38.315748] place: INFO : Progress   70%: begin to perform place iteration ...
[2025-03-22, 19:17:38.315748] place: INFO : Progress   80%: begin to perform final place iteration ...
[2025-03-22, 19:17:38.315748] place: INFO :   * Final cost = 1
[2025-03-22, 19:17:38.315748] place: INFO : Progress   90%: begin to write placed netlist ...
[2025-03-22, 19:17:38.323776] place: INFO : Successfully finish the placement. Elapsed Time: 0s
