<?xml version="1.0" encoding="ISO-8859-1"?>
<?xml-stylesheet type='text/xsl' href='fdu_report.xsl'?>
<report app="map" design="lab1" label="FDE Mapping Report File">
	<section id="Type_Count" label="Type Count">
		<table id="General_Table">
			<column id="Type_Name" label="Type Name"/>
			<column id="Count" label="Count"/>
			<row id="1">
				<item id="Type_Name" value="FFLATCH"/>
				<item id="Count" value="76"/>
			</row>
			<row id="2">
				<item id="Type_Name" value="FFLATCH_DFFHQ"/>
				<item id="Count" value="1"/>
			</row>
			<row id="3">
				<item id="Type_Name" value="FFLATCH_DFFRHQ"/>
				<item id="Count" value="61"/>
			</row>
			<row id="4">
				<item id="Type_Name" value="FFLATCH_DFFSHQ"/>
				<item id="Count" value="13"/>
			</row>
			<row id="5">
				<item id="Type_Name" value="FFLATCH_EDFFHQ"/>
				<item id="Count" value="1"/>
			</row>
			<row id="6">
				<item id="Type_Name" value="LUT"/>
				<item id="Count" value="179"/>
			</row>
			<row id="7">
				<item id="Type_Name" value="LUT2"/>
				<item id="Count" value="26"/>
			</row>
			<row id="8">
				<item id="Type_Name" value="LUT3"/>
				<item id="Count" value="32"/>
			</row>
			<row id="9">
				<item id="Type_Name" value="LUT4"/>
				<item id="Count" value="121"/>
			</row>
			<row id="10">
				<item id="Type_Name" value="MACRO"/>
				<item id="Count" value="37"/>
			</row>
			<row id="11">
				<item id="Type_Name" value="MACRO_IPAD"/>
				<item id="Count" value="27"/>
			</row>
			<row id="12">
				<item id="Type_Name" value="MACRO_LOGIC_0"/>
				<item id="Count" value="1"/>
			</row>
			<row id="13">
				<item id="Type_Name" value="MACRO_LOGIC_1"/>
				<item id="Count" value="1"/>
			</row>
			<row id="14">
				<item id="Type_Name" value="MACRO_OPAD"/>
				<item id="Count" value="8"/>
			</row>
		</table>
	</section>
</report>

